2026-02-21T17:58:07.120321700  ServerChatOnline  Сервер запустился. Ждите соединения
2026-02-21T18:00:36.059322100  ServerChatOnline  Сервер запустился. Ждите соединения
2026-02-21T18:00:46.240366400  ServerChatOnline  Соединение установленно. Порт: 58370 

2026-02-21T18:00:46.247321400  ServerChatOnline  Новое подключение к серверу. Порт: 8089
2026-02-21T18:01:14.804324400  asdasd  Имя пользователя
2026-02-21T18:01:14.806327500  asdasd  Новый пользователь. Порт: 58370
2026-02-21T18:02:25.655331500  ServerChatOnline  Сервер запустился. Ждите соединения
2026-02-21T18:02:40.246320800  ServerChatOnline  Соединение установленно. Порт: 58383 

2026-02-21T18:02:45.863337300  DFRE  Новый пользователь. Порт: 58383
2026-02-21T18:02:54.364325300  DFRE  Новый пользователь. Порт: 58383
2026-02-21T18:02:54.369337400  ServerChatOnline  Пользователь DFRE (Port: 58383) разъединён
2026-02-25T18:05:16.868499800  ServerChatOnline  Сервер запущен. Ожидание подключений...
2026-02-25T18:05:34.757420500  Сервер  [СИСТЕМА] Ivan присоединился к чату
2026-02-25T18:06:03.831266200  Сервер  [СИСТЕМА] IvanX присоединился к чату
2026-02-25T18:06:07.568181800  IvanX  kgr
2026-02-25T18:06:09.642260200  IvanX  sefekg pkg
2026-02-25T18:06:11.735211300  IvanX  fe ef
2026-02-25T18:06:15.502920100  Ivan  ewf ,grf]g
2026-02-25T18:06:17.158805700  Ivan  wp fgrgew
2026-02-25T18:06:17.272044400  Ivan  
2026-02-25T18:06:35.928812100  Сервер  [СИСТЕМА] Ivan покинул чат
2026-02-25T18:06:46.895202300  Сервер  [СИСТЕМА] IvanX покинул чат
