2026-02-26T18:54:11.882628[SERVER]: Новое подключение к серверу. Порт: 8089
2026-02-26T18:54:17.882354800[Ivan]: Добавил имя пользователя
2026-02-26T18:54:24.798927200[Ivan]: Отправил сообщение: scaaca
2026-02-26T18:54:26.975317900[Ivan]: Отправил сообщение: wcda
2026-02-26T18:54:28.680868900[Ivan]: Отправил сообщение: virew
2026-02-26T18:54:37.471857400[Ivan]: Отправил сообщение: /exit
2026-02-26T18:54:37.472852400[SERVER]: Пользователь Ivan отключился от сервера (Порт: 8089) 

2026-02-27T07:36:08.376916500[SERVER]: Новое подключение к серверу. Порт: 8089
2026-02-27T07:36:14.600913300[Ivan]: Добавил имя пользователя
2026-02-27T08:48:41.925206[SERVER]: Новое подключение к серверу. Порт: 8089
2026-02-27T08:48:47.232202900[Ivan]: Добавил имя пользователя
2026-02-27T08:48:55.492199200[Ivan]: Отправил сообщение: Hello
2026-02-27T08:49:04.210193[SERVER]: Новое подключение к серверу. Порт: 8089
2026-02-27T08:49:13.420187300[Ivan]: Добавил имя пользователя
2026-02-27T08:49:38.948176400[Ivan]: Отправил сообщение: Hi
2026-02-27T08:49:47.556168800[Ivan]: Отправил сообщение: /exit
2026-02-27T08:49:47.560170900[SERVER]: Пользователь Ivan отключился от сервера (Порт: 8089) 

2026-02-27T08:49:55.902165700[Ivan]: Отправил сообщение: /exit
2026-02-27T08:49:55.907165[SERVER]: Пользователь Ivan отключился от сервера (Порт: 8089) 

2026-02-27T09:41:37.809012900[SERVER]: New connection to the server. Port: 8089
2026-02-27T09:41:43.341008600[Шмфт]: Added the user's name
2026-02-27T09:41:51.477004100[SERVER]: New connection to the server. Port: 8089
2026-02-27T09:42:00.759999200[SERVER]: New connection to the server. Port: 8089
2026-02-27T09:42:05.450998600[Idcd]: Added the user's name
2026-02-27T09:43:32.887949700[SERVER]: New connection to the server. Port: 8089
2026-02-27T09:43:36.456947100[f;b,[rofgb]: Добавил имя пользователя
2026-02-27T09:43:47.879940600[f;b,[rofgb]: Отправил сообщение: /exit
2026-02-27T09:43:47.881943400[SERVER]: Пользователь f;b,[rofgb отключился от сервера (Порт: 8089) 

2026-02-27T10:15:04.419147600[SERVER]: New connection to the server. Port: 8089
2026-02-27T10:15:07.734143300[gbn lfmgn ]: Added the user's name
2026-02-27T10:15:10.577139900[gbn lfmgn ]: Sent a message:  ombfgob
2026-02-27T10:15:19.126137900[gbn lfmgn ]: Sent a message: /eXit
2026-02-27T10:15:19.129138700[SERVER]: User gbn lfmgn  has disconnected from the server (Port: 8089) 

